2025-11-16 16:26:53,695 - src.web.server - INFO - Starting bot...
2025-11-16 16:26:54,002 - src.web.server - INFO - Starting bot...
2025-11-16 16:26:54,086 - src.web.server - INFO - Starting bot...
2025-11-16 16:26:55,623 - src.web.server - INFO - Webhook set: https://0f328d59aa05.ngrok-free.app/tg/webhook
2025-11-16 16:26:55,647 - src.web.server - INFO - Starting bot...
2025-11-16 16:26:55,653 - asyncio - ERROR - Unclosed client session
client_session: <aiohttp.client.ClientSession object at 0xffff880eee90>
2025-11-16 16:26:55,670 - asyncio - ERROR - Unclosed connector
connections: ['[(<aiohttp.client_proto.ResponseHandler object at 0xffff8808bbd0>, 569.541)]']
connector: <aiohttp.connector.TCPConnector object at 0xffff88564450>
2025-11-16 16:26:55,757 - asyncio - ERROR - Unclosed client session
client_session: <aiohttp.client.ClientSession object at 0xffff880eed10>
2025-11-16 16:26:55,762 - asyncio - ERROR - Unclosed connector
connections: ['[(<aiohttp.client_proto.ResponseHandler object at 0xffff8808b9a0>, 569.545)]']
connector: <aiohttp.connector.TCPConnector object at 0xffff8855dd90>
2025-11-16 16:26:56,266 - src.web.server - INFO - Starting bot...
2025-11-16 16:26:56,375 - src.web.server - INFO - Starting bot...
2025-11-16 16:26:56,882 - src.web.server - INFO - Webhook set: https://0f328d59aa05.ngrok-free.app/tg/webhook
2025-11-16 16:26:57,408 - asyncio - ERROR - Unclosed client session
client_session: <aiohttp.client.ClientSession object at 0xffff880ede50>
2025-11-16 16:26:57,413 - asyncio - ERROR - Unclosed connector
connections: ['[(<aiohttp.client_proto.ResponseHandler object at 0xffff8808b9a0>, 571.306)]']
connector: <aiohttp.connector.TCPConnector object at 0xffff880edc90>
2025-11-16 16:26:57,447 - asyncio - ERROR - Unclosed client session
client_session: <aiohttp.client.ClientSession object at 0xffff880edbd0>
2025-11-16 16:26:57,455 - asyncio - ERROR - Unclosed connector
connections: ['[(<aiohttp.client_proto.ResponseHandler object at 0xffff8808b9a0>, 571.287)]']
connector: <aiohttp.connector.TCPConnector object at 0xffff880ed990>
2025-11-16 16:26:57,513 - src.web.server - INFO - Starting bot...
2025-11-16 16:26:57,553 - src.web.server - INFO - Starting bot...
2025-11-16 16:26:58,110 - src.web.server - INFO - Starting bot...
2025-11-16 16:26:58,371 - src.web.server - INFO - Stopping bot...
2025-11-16 16:26:58,392 - src.web.server - INFO - Stopping bot...
2025-11-16 16:26:58,463 - src.web.server - INFO - Webhook set: https://0f328d59aa05.ngrok-free.app/tg/webhook
2025-11-16 16:26:58,642 - asyncio - ERROR - Unclosed client session
client_session: <aiohttp.client.ClientSession object at 0xffff88115010>
2025-11-16 16:26:58,642 - asyncio - ERROR - Unclosed connector
connections: ['[(<aiohttp.client_proto.ResponseHandler object at 0xffff880b39a0>, 572.673)]']
connector: <aiohttp.connector.TCPConnector object at 0xffff8a498450>
2025-11-16 16:26:58,715 - asyncio - ERROR - Unclosed client session
client_session: <aiohttp.client.ClientSession object at 0xffff880edbd0>
2025-11-16 16:26:58,719 - asyncio - ERROR - Unclosed connector
connections: ['[(<aiohttp.client_proto.ResponseHandler object at 0xffff8808b9a0>, 572.493)]']
connector: <aiohttp.connector.TCPConnector object at 0xffff880ed990>
2025-11-16 16:26:58,930 - src.web.server - INFO - Bot stopped
2025-11-16 16:26:58,957 - src.web.server - INFO - Bot stopped
2025-11-16 16:26:59,202 - asyncio - ERROR - Unclosed client session
client_session: <aiohttp.client.ClientSession object at 0xffff880ef210>
2025-11-16 16:26:59,204 - asyncio - ERROR - Unclosed connector
connections: ['[(<aiohttp.client_proto.ResponseHandler object at 0xffff8808b9a0>, 573.145)]']
connector: <aiohttp.connector.TCPConnector object at 0xffff880497d0>
2025-11-16 16:27:11,896 - src.web.server - INFO - Starting bot...
2025-11-16 16:27:12,189 - src.web.server - INFO - Starting bot...
2025-11-16 16:27:12,838 - src.web.server - INFO - Starting bot...
2025-11-16 16:27:12,857 - src.web.server - INFO - Starting bot...
2025-11-16 16:27:13,282 - src.web.server - INFO - Starting bot...
2025-11-16 16:27:13,308 - src.web.server - INFO - Webhook set: https://0f328d59aa05.ngrok-free.app/tg/webhook
2025-11-16 16:27:13,492 - asyncio - ERROR - Unclosed client session
client_session: <aiohttp.client.ClientSession object at 0xffff9d821d50>
2025-11-16 16:27:13,496 - asyncio - ERROR - Unclosed connector
connections: ['[(<aiohttp.client_proto.ResponseHandler object at 0xffff9d7bf9a0>, 587.364)]']
connector: <aiohttp.connector.TCPConnector object at 0xffff9d821b90>
2025-11-16 16:27:13,713 - src.web.server - INFO - Starting bot...
2025-11-16 16:27:13,763 - src.web.server - INFO - Starting bot...
2025-11-16 16:27:14,050 - src.web.server - INFO - Starting bot...
2025-11-16 16:27:14,427 - asyncio - ERROR - Unclosed client session
client_session: <aiohttp.client.ClientSession object at 0xffff9d81e1d0>
2025-11-16 16:27:14,438 - asyncio - ERROR - Unclosed connector
connections: ['[(<aiohttp.client_proto.ResponseHandler object at 0xffff9d7bb9a0>, 588.204)]']
connector: <aiohttp.connector.TCPConnector object at 0xffff9d774150>
2025-11-16 16:27:14,447 - asyncio - ERROR - Unclosed client session
client_session: <aiohttp.client.ClientSession object at 0xffff9d821150>
2025-11-16 16:27:14,467 - asyncio - ERROR - Unclosed connector
connections: ['[(<aiohttp.client_proto.ResponseHandler object at 0xffff9d7bf9a0>, 588.19)]']
connector: <aiohttp.connector.TCPConnector object at 0xffff9d76aa10>
2025-11-16 16:27:14,590 - asyncio - ERROR - Unclosed client session
client_session: <aiohttp.client.ClientSession object at 0xffff9d81e510>
2025-11-16 16:27:14,598 - asyncio - ERROR - Unclosed connector
connections: ['[(<aiohttp.client_proto.ResponseHandler object at 0xffff9d7bb9a0>, 588.544)]']
connector: <aiohttp.connector.TCPConnector object at 0xffff9dcbe050>
2025-11-16 16:27:14,641 - src.web.server - INFO - Starting bot...
2025-11-16 16:27:14,807 - src.web.server - INFO - Webhook set: https://0f328d59aa05.ngrok-free.app/tg/webhook
2025-11-16 16:27:15,311 - asyncio - ERROR - Unclosed client session
client_session: <aiohttp.client.ClientSession object at 0xffff9d81fd10>
2025-11-16 16:27:15,320 - asyncio - ERROR - Unclosed connector
connections: ['[(<aiohttp.client_proto.ResponseHandler object at 0xffff9d7bb9a0>, 589.102)]']
connector: <aiohttp.connector.TCPConnector object at 0xffff9d81fb50>
2025-11-16 16:27:15,506 - asyncio - ERROR - Unclosed client session
client_session: <aiohttp.client.ClientSession object at 0xffff9d8206d0>
2025-11-16 16:27:15,510 - asyncio - ERROR - Unclosed connector
connections: ['[(<aiohttp.client_proto.ResponseHandler object at 0xffff9d7bb9a0>, 589.163)]']
connector: <aiohttp.connector.TCPConnector object at 0xffff9fbb2810>
2025-11-16 16:27:24,918 - src.web.server - INFO - Starting bot...
2025-11-16 16:27:25,622 - src.web.server - INFO - Starting bot...
2025-11-16 16:27:26,150 - src.web.server - INFO - Webhook set: https://0f328d59aa05.ngrok-free.app/tg/webhook
2025-11-16 16:27:27,732 - src.web.server - INFO - Starting bot...
2025-11-16 16:27:28,928 - src.web.server - INFO - Starting bot...
2025-11-16 16:27:29,290 - src.web.server - INFO - Webhook set: https://0f328d59aa05.ngrok-free.app/tg/webhook
2025-11-16 16:27:30,010 - asyncio - ERROR - Unclosed client session
client_session: <aiohttp.client.ClientSession object at 0xffff85fa5010>
2025-11-16 16:27:30,034 - asyncio - ERROR - Unclosed connector
connections: ['[(<aiohttp.client_proto.ResponseHandler object at 0xffff85f3f9a0>, 603.667)]']
connector: <aiohttp.connector.TCPConnector object at 0xffff864217d0>
2025-11-16 16:27:30,312 - src.web.server - INFO - Webhook set: https://0f328d59aa05.ngrok-free.app/tg/webhook
2025-11-16 16:27:30,438 - src.web.server - INFO - Starting bot...
2025-11-16 16:27:32,123 - src.web.server - INFO - Webhook set: https://0f328d59aa05.ngrok-free.app/tg/webhook
2025-11-16 16:27:32,314 - src.web.server - INFO - Starting bot...
2025-11-16 16:27:32,429 - src.web.server - INFO - Starting bot...
2025-11-16 16:27:33,216 - src.web.server - INFO - Stopping bot...
2025-11-16 16:27:33,229 - src.web.server - INFO - Stopping bot...
2025-11-16 16:27:33,349 - src.web.server - INFO - Stopping bot...
2025-11-16 16:27:33,372 - src.web.server - INFO - Stopping bot...
2025-11-16 16:27:33,491 - src.web.server - INFO - Webhook set: https://0f328d59aa05.ngrok-free.app/tg/webhook
2025-11-16 16:27:33,612 - asyncio - ERROR - Unclosed client session
client_session: <aiohttp.client.ClientSession object at 0xffff85fa2550>
2025-11-16 16:27:33,614 - asyncio - ERROR - Unclosed connector
connections: ['[(<aiohttp.client_proto.ResponseHandler object at 0xffff85f3f9a0>, 607.624)]']
connector: <aiohttp.connector.TCPConnector object at 0xffff85fa2390>
2025-11-16 16:27:33,755 - src.web.server - INFO - Bot stopped
2025-11-16 16:27:33,759 - src.web.server - INFO - Bot stopped
2025-11-16 16:27:33,813 - src.web.server - INFO - Bot stopped
2025-11-16 16:27:33,966 - src.web.server - INFO - Bot stopped
2025-11-16 16:27:34,045 - asyncio - ERROR - Unclosed client session
client_session: <aiohttp.client.ClientSession object at 0xffff85fa1d90>
2025-11-16 16:27:34,056 - asyncio - ERROR - Unclosed connector
connections: ['[(<aiohttp.client_proto.ResponseHandler object at 0xffff85f3b9a0>, 607.522)]']
connector: <aiohttp.connector.TCPConnector object at 0xffff85fa1bd0>
2025-11-16 16:28:12,665 - src.web.server - INFO - Starting bot...
2025-11-16 16:28:12,731 - src.web.server - INFO - Starting bot...
2025-11-16 16:28:12,772 - src.web.server - INFO - Starting bot...
2025-11-16 16:28:14,094 - src.web.server - INFO - Webhook set: https://0f328d59aa05.ngrok-free.app/tg/webhook
2025-11-16 16:28:14,711 - asyncio - ERROR - Unclosed client session
client_session: <aiohttp.client.ClientSession object at 0xffff9a084090>
2025-11-16 16:28:14,726 - asyncio - ERROR - Unclosed connector
connections: ['[(<aiohttp.client_proto.ResponseHandler object at 0xffff9a4e82f0>, 648.301)]']
connector: <aiohttp.connector.TCPConnector object at 0xffff9a4fbe50>
2025-11-16 16:28:14,948 - asyncio - ERROR - Unclosed client session
client_session: <aiohttp.client.ClientSession object at 0xffff9a4f5cd0>
2025-11-16 16:28:14,957 - asyncio - ERROR - Unclosed connector
connections: ['[(<aiohttp.client_proto.ResponseHandler object at 0xffff9a07c280>, 648.338)]']
connector: <aiohttp.connector.TCPConnector object at 0xffff9a44c390>
2025-11-16 16:28:17,623 - src.web.server - INFO - Starting bot...
2025-11-16 16:28:17,866 - src.web.server - INFO - Stopping bot...
2025-11-16 16:28:18,323 - src.web.server - INFO - Bot stopped
2025-11-16 16:28:18,531 - src.web.server - INFO - Webhook set: https://0f328d59aa05.ngrok-free.app/tg/webhook
2025-11-16 16:28:18,826 - asyncio - ERROR - Unclosed client session
client_session: <aiohttp.client.ClientSession object at 0xffff9a0805d0>
2025-11-16 16:28:18,834 - asyncio - ERROR - Unclosed connector
connections: ['[(<aiohttp.client_proto.ResponseHandler object at 0xffff9a4e8360>, 652.57)]']
connector: <aiohttp.connector.TCPConnector object at 0xffff9a080410>
2025-11-16 16:29:07,156 - src.web.server - INFO - Starting bot...
2025-11-16 16:29:07,251 - src.web.server - INFO - Starting bot...
2025-11-16 16:29:07,340 - src.web.server - INFO - Starting bot...
2025-11-16 16:29:07,569 - src.web.server - INFO - Starting bot...
2025-11-16 16:29:08,684 - src.web.server - INFO - Starting bot...
2025-11-16 16:29:08,748 - src.web.server - INFO - Webhook set: https://0f328d59aa05.ngrok-free.app/tg/webhook
2025-11-16 16:29:09,108 - asyncio - ERROR - Unclosed client session
client_session: <aiohttp.client.ClientSession object at 0xffff96b7d6d0>
2025-11-16 16:29:09,582 - asyncio - ERROR - Unclosed connector
connections: ['[(<aiohttp.client_proto.ResponseHandler object at 0xffff96f9bb60>, 702.834)]']
connector: <aiohttp.connector.TCPConnector object at 0xffff974717d0>
2025-11-16 16:29:09,647 - asyncio - ERROR - Unclosed client session
client_session: <aiohttp.client.ClientSession object at 0xffff96ffba50>
2025-11-16 16:29:09,675 - asyncio - ERROR - Unclosed connector
connections: ['[(<aiohttp.client_proto.ResponseHandler object at 0xffff96f97b60>, 702.948)]']
connector: <aiohttp.connector.TCPConnector object at 0xffff96ffb890>
2025-11-16 16:29:09,948 - asyncio - ERROR - Unclosed client session
client_session: <aiohttp.client.ClientSession object at 0xffff96b7e050>
2025-11-16 16:29:09,964 - asyncio - ERROR - Unclosed connector
connections: ['[(<aiohttp.client_proto.ResponseHandler object at 0xffff96f9bb60>, 702.863)]']
connector: <aiohttp.connector.TCPConnector object at 0xffff96b7ded0>
2025-11-16 16:29:11,454 - src.web.server - INFO - Webhook set: https://0f328d59aa05.ngrok-free.app/tg/webhook
2025-11-16 16:29:11,595 - src.web.server - INFO - Starting bot...
2025-11-16 16:29:12,309 - src.web.server - INFO - Starting bot...
2025-11-16 16:29:12,441 - src.web.server - INFO - Starting bot...
2025-11-16 16:29:12,630 - src.web.server - INFO - Starting bot...
2025-11-16 16:29:13,097 - src.web.server - INFO - Starting bot...
2025-11-16 16:29:13,206 - src.web.server - INFO - Starting bot...
2025-11-16 16:29:13,673 - src.web.server - INFO - Webhook set: https://0f328d59aa05.ngrok-free.app/tg/webhook
2025-11-16 16:29:13,781 - asyncio - ERROR - Unclosed client session
client_session: <aiohttp.client.ClientSession object at 0xffff96b7db90>
2025-11-16 16:29:13,788 - asyncio - ERROR - Unclosed connector
connections: ['[(<aiohttp.client_proto.ResponseHandler object at 0xffff96f9bb60>, 707.583)]']
connector: <aiohttp.connector.TCPConnector object at 0xffff974697d0>
2025-11-16 16:29:14,470 - asyncio - ERROR - Unclosed client session
client_session: <aiohttp.client.ClientSession object at 0xffff96ffbf90>
2025-11-16 16:29:14,475 - asyncio - ERROR - Unclosed client session
client_session: <aiohttp.client.ClientSession object at 0xffff96b7c710>
2025-11-16 16:29:14,477 - asyncio - ERROR - Unclosed connector
connections: ['[(<aiohttp.client_proto.ResponseHandler object at 0xffff96f93b60>, 708.203)]']
connector: <aiohttp.connector.TCPConnector object at 0xffff96ffbdd0>
2025-11-16 16:29:14,482 - asyncio - ERROR - Unclosed connector
connections: ['[(<aiohttp.client_proto.ResponseHandler object at 0xffff96f93b60>, 708.204)]']
connector: <aiohttp.connector.TCPConnector object at 0xffff96b7c510>
2025-11-16 16:29:14,542 - src.web.server - INFO - Starting bot...
2025-11-16 16:29:14,886 - src.web.server - INFO - Webhook set: https://0f328d59aa05.ngrok-free.app/tg/webhook
2025-11-16 16:29:15,542 - src.web.server - INFO - Starting bot...
2025-11-16 16:29:15,698 - asyncio - ERROR - Unclosed client session
client_session: <aiohttp.client.ClientSession object at 0xffff96ffe910>
2025-11-16 16:29:15,707 - asyncio - ERROR - Unclosed connector
connections: ['[(<aiohttp.client_proto.ResponseHandler object at 0xffff96f97b60>, 709.269)]']
connector: <aiohttp.connector.TCPConnector object at 0xffff96ffe790>
2025-11-16 16:29:16,669 - src.web.server - INFO - Webhook set: https://0f328d59aa05.ngrok-free.app/tg/webhook
2025-11-16 16:29:17,946 - src.web.server - INFO - Webhook set: https://0f328d59aa05.ngrok-free.app/tg/webhook
2025-11-16 16:29:18,840 - src.web.server - INFO - Stopping bot...
2025-11-16 16:29:18,860 - src.web.server - INFO - Stopping bot...
2025-11-16 16:29:18,943 - src.web.server - INFO - Stopping bot...
2025-11-16 16:29:18,952 - src.web.server - INFO - Stopping bot...
2025-11-16 16:29:18,955 - src.web.server - INFO - Stopping bot...
2025-11-16 16:29:18,956 - src.web.server - INFO - Stopping bot...
2025-11-16 16:29:36,770 - src.web.server - INFO - Starting bot...
2025-11-16 16:29:37,269 - src.web.server - INFO - Starting bot...
2025-11-16 16:29:37,964 - src.web.server - INFO - Starting bot...
2025-11-16 16:29:38,736 - src.web.server - INFO - Webhook set: https://0f328d59aa05.ngrok-free.app/tg/webhook
2025-11-16 16:29:38,977 - src.web.server - INFO - Starting bot...
2025-11-16 16:29:39,447 - asyncio - ERROR - Unclosed client session
client_session: <aiohttp.client.ClientSession object at 0xffff7922cd90>
2025-11-16 16:29:39,464 - asyncio - ERROR - Unclosed connector
connections: ['[(<aiohttp.client_proto.ResponseHandler object at 0xffff791c3b60>, 733.011)]']
connector: <aiohttp.connector.TCPConnector object at 0xffff7985a2d0>
2025-11-16 16:29:39,675 - src.web.server - INFO - Webhook set: https://0f328d59aa05.ngrok-free.app/tg/webhook
2025-11-16 16:29:39,798 - src.web.server - INFO - Starting bot...
2025-11-16 16:29:39,851 - src.web.server - INFO - Starting bot...
2025-11-16 16:29:39,948 - src.web.server - INFO - Starting bot...
2025-11-16 16:29:40,268 - src.web.server - INFO - Starting bot...
2025-11-16 16:29:40,490 - src.web.server - INFO - Starting bot...
2025-11-16 16:29:40,548 - src.web.server - INFO - Starting bot...
2025-11-16 16:29:40,554 - src.web.server - INFO - Starting bot...
2025-11-16 16:29:40,618 - asyncio - ERROR - Unclosed client session
client_session: <aiohttp.client.ClientSession object at 0xffff7922d650>
2025-11-16 16:29:40,626 - asyncio - ERROR - Unclosed connector
connections: ['[(<aiohttp.client_proto.ResponseHandler object at 0xffff791c7b60>, 734.544)]']
connector: <aiohttp.connector.TCPConnector object at 0xffff7922d4d0>
2025-11-16 16:29:40,695 - asyncio - ERROR - Unclosed client session
client_session: <aiohttp.client.ClientSession object at 0xffff7922afd0>
2025-11-16 16:29:40,700 - asyncio - ERROR - Unclosed connector
connections: ['[(<aiohttp.client_proto.ResponseHandler object at 0xffff791c3b60>, 734.618)]']
connector: <aiohttp.connector.TCPConnector object at 0xffff7a41b890>
2025-11-16 16:29:41,149 - src.web.server - INFO - Webhook set: https://0f328d59aa05.ngrok-free.app/tg/webhook
2025-11-16 16:29:41,208 - src.web.server - INFO - Starting bot...
2025-11-16 16:29:41,224 - src.web.server - INFO - Starting bot...
2025-11-16 16:29:41,281 - asyncio - ERROR - Unclosed client session
client_session: <aiohttp.client.ClientSession object at 0xffff7922e110>
2025-11-16 16:29:41,309 - asyncio - ERROR - Unclosed connector
connections: ['[(<aiohttp.client_proto.ResponseHandler object at 0xffff791c7b60>, 735.148)]']
connector: <aiohttp.connector.TCPConnector object at 0xffff79180910>
2025-11-16 16:29:41,960 - asyncio - ERROR - Unclosed client session
client_session: <aiohttp.client.ClientSession object at 0xffff7922aa10>
2025-11-16 16:29:41,973 - asyncio - ERROR - Unclosed connector
connections: ['[(<aiohttp.client_proto.ResponseHandler object at 0xffff791c3b60>, 735.165)]']
connector: <aiohttp.connector.TCPConnector object at 0xffff7917c910>
2025-11-16 16:29:41,970 - asyncio - ERROR - Unclosed client session
client_session: <aiohttp.client.ClientSession object at 0xffff7922b290>
2025-11-16 16:29:41,987 - asyncio - ERROR - Unclosed connector
connections: ['[(<aiohttp.client_proto.ResponseHandler object at 0xffff791c3b60>, 735.88)]']
connector: <aiohttp.connector.TCPConnector object at 0xffff796917d0>
2025-11-16 16:29:42,583 - asyncio - ERROR - Unclosed client session
client_session: <aiohttp.client.ClientSession object at 0xffff79227d90>
2025-11-16 16:29:42,586 - asyncio - ERROR - Unclosed connector
connections: ['[(<aiohttp.client_proto.ResponseHandler object at 0xffff791c3b60>, 735.916)]']
connector: <aiohttp.connector.TCPConnector object at 0xffff7b544e90>
2025-11-16 16:29:42,672 - src.web.server - INFO - Webhook set: https://0f328d59aa05.ngrok-free.app/tg/webhook
2025-11-16 16:29:43,695 - asyncio - ERROR - Unclosed client session
client_session: <aiohttp.client.ClientSession object at 0xffff79227e90>
2025-11-16 16:29:43,709 - asyncio - ERROR - Unclosed connector
connections: ['[(<aiohttp.client_proto.ResponseHandler object at 0xffff791c3b60>, 736.79)]']
connector: <aiohttp.connector.TCPConnector object at 0xffff79227c90>
2025-11-16 16:29:44,741 - src.web.server - INFO - Webhook set: https://0f328d59aa05.ngrok-free.app/tg/webhook
2025-11-16 16:29:45,061 - src.web.server - INFO - Starting bot...
2025-11-16 16:29:45,392 - src.web.server - INFO - Stopping bot...
2025-11-16 16:29:45,411 - src.web.server - INFO - Stopping bot...
2025-11-16 16:29:45,447 - src.web.server - INFO - Stopping bot...
2025-11-16 16:29:45,448 - src.web.server - INFO - Stopping bot...
2025-11-16 16:29:45,456 - src.web.server - INFO - Stopping bot...
2025-11-16 16:29:45,994 - src.web.server - INFO - Bot stopped
2025-11-16 16:29:45,994 - src.web.server - INFO - Bot stopped
2025-11-16 16:29:45,994 - src.web.server - INFO - Bot stopped
2025-11-16 16:29:46,084 - src.web.server - INFO - Bot stopped
2025-11-16 16:29:46,088 - src.web.server - INFO - Bot stopped
2025-11-16 16:29:46,537 - src.web.server - INFO - Webhook set: https://0f328d59aa05.ngrok-free.app/tg/webhook
2025-11-16 16:29:47,644 - asyncio - ERROR - Unclosed client session
client_session: <aiohttp.client.ClientSession object at 0xffff7922b2d0>
2025-11-16 16:29:47,674 - asyncio - ERROR - Unclosed connector
connections: ['[(<aiohttp.client_proto.ResponseHandler object at 0xffff791c3b60>, 740.524)]']
connector: <aiohttp.connector.TCPConnector object at 0xffff7922b0d0>
2025-11-16 16:30:34,884 - src.web.server - INFO - Starting bot...
2025-11-16 16:30:34,908 - src.web.server - INFO - Starting bot...
2025-11-16 16:30:35,191 - src.web.server - INFO - Starting bot...
2025-11-16 16:30:35,276 - src.web.server - INFO - Starting bot...
2025-11-16 16:30:35,293 - src.web.server - INFO - Starting bot...
2025-11-16 16:30:35,299 - src.web.server - INFO - Starting bot...
2025-11-16 16:30:35,519 - src.web.server - INFO - Starting bot...
2025-11-16 16:30:35,553 - src.web.server - INFO - Starting bot...
2025-11-16 16:30:35,871 - src.web.server - INFO - Starting bot...
2025-11-16 16:30:35,875 - src.web.server - INFO - Webhook set: https://0f328d59aa05.ngrok-free.app/tg/webhook
2025-11-16 16:30:35,929 - src.web.server - INFO - Starting bot...
2025-11-16 16:30:35,968 - asyncio - ERROR - Unclosed client session
client_session: <aiohttp.client.ClientSession object at 0xffffa307ec50>
2025-11-16 16:30:35,970 - asyncio - ERROR - Unclosed connector
connections: ['[(<aiohttp.client_proto.ResponseHandler object at 0xffffa34e83d0>, 789.959)]']
connector: <aiohttp.connector.TCPConnector object at 0xffffa36a5090>
2025-11-16 16:30:36,058 - src.web.server - INFO - Starting bot...
2025-11-16 16:30:36,062 - asyncio - ERROR - Unclosed client session
client_session: <aiohttp.client.ClientSession object at 0xffffa307ebd0>
2025-11-16 16:30:36,062 - asyncio - ERROR - Unclosed connector
connections: ['[(<aiohttp.client_proto.ResponseHandler object at 0xffffa34e8360>, 790.056)]']
connector: <aiohttp.connector.TCPConnector object at 0xffffa307ea10>
2025-11-16 16:30:36,274 - asyncio - ERROR - Unclosed client session
client_session: <aiohttp.client.ClientSession object at 0xffffa34ffdd0>
2025-11-16 16:30:36,279 - asyncio - ERROR - Unclosed connector
connections: ['[(<aiohttp.client_proto.ResponseHandler object at 0xffffa34ec360>, 790.266)]']
connector: <aiohttp.connector.TCPConnector object at 0xffffa34ffc90>
2025-11-16 16:30:36,312 - asyncio - ERROR - Unclosed client session
client_session: <aiohttp.client.ClientSession object at 0xffffa3084250>
2025-11-16 16:30:36,321 - asyncio - ERROR - Unclosed connector
connections: ['[(<aiohttp.client_proto.ResponseHandler object at 0xffffa34ec360>, 790.262)]']
connector: <aiohttp.connector.TCPConnector object at 0xffffa3084150>
2025-11-16 16:30:36,388 - asyncio - ERROR - Unclosed client session
client_session: <aiohttp.client.ClientSession object at 0xffffa3088050>
2025-11-16 16:30:36,393 - asyncio - ERROR - Unclosed connector
connections: ['[(<aiohttp.client_proto.ResponseHandler object at 0xffffa34ec360>, 790.306)]']
connector: <aiohttp.connector.TCPConnector object at 0xffffa34ffe90>
2025-11-16 16:30:36,389 - asyncio - ERROR - Unclosed client session
client_session: <aiohttp.client.ClientSession object at 0xffffa307f150>
2025-11-16 16:30:36,397 - asyncio - ERROR - Unclosed connector
connections: ['[(<aiohttp.client_proto.ResponseHandler object at 0xffffa34e8360>, 790.279)]']
connector: <aiohttp.connector.TCPConnector object at 0xffffa307f010>
2025-11-16 16:30:36,693 - asyncio - ERROR - Unclosed client session
client_session: <aiohttp.client.ClientSession object at 0xffffa3088410>
2025-11-16 16:30:36,706 - asyncio - ERROR - Unclosed connector
connections: ['[(<aiohttp.client_proto.ResponseHandler object at 0xffffa34ec360>, 790.539)]']
connector: <aiohttp.connector.TCPConnector object at 0xffffa3088290>
2025-11-16 16:30:36,829 - src.web.server - INFO - Starting bot...
2025-11-16 16:30:36,884 - asyncio - ERROR - Unclosed client session
client_session: <aiohttp.client.ClientSession object at 0xffffa307de10>
2025-11-16 16:30:36,918 - asyncio - ERROR - Unclosed client session
client_session: <aiohttp.client.ClientSession object at 0xffffa308a810>
2025-11-16 16:30:36,928 - asyncio - ERROR - Unclosed connector
connections: ['[(<aiohttp.client_proto.ResponseHandler object at 0xffffa34ec9f0>, 790.757)]']
connector: <aiohttp.connector.TCPConnector object at 0xffffa47597d0>
2025-11-16 16:30:36,926 - asyncio - ERROR - Unclosed connector
connections: ['[(<aiohttp.client_proto.ResponseHandler object at 0xffffa34e8360>, 790.757)]']
connector: <aiohttp.connector.TCPConnector object at 0xffffa589c990>
2025-11-16 16:30:37,022 - src.web.server - INFO - Webhook set: https://0f328d59aa05.ngrok-free.app/tg/webhook
2025-11-16 16:30:37,056 - src.web.server - INFO - Starting bot...
2025-11-16 16:30:37,162 - src.web.server - INFO - Starting bot...
2025-11-16 16:30:43,473 - src.web.server - INFO - Starting bot...
2025-11-16 16:30:44,483 - src.web.server - INFO - Webhook set: https://0f328d59aa05.ngrok-free.app/tg/webhook
2025-11-16 16:30:46,243 - src.web.server - INFO - Starting bot...
2025-11-16 16:30:46,385 - src.web.server - INFO - Starting bot...
2025-11-16 16:30:46,609 - src.web.server - INFO - Starting bot...
2025-11-16 16:30:46,821 - src.web.server - INFO - Starting bot...
2025-11-16 16:30:47,112 - src.web.server - INFO - Webhook set: https://0f328d59aa05.ngrok-free.app/tg/webhook
2025-11-16 16:30:47,120 - src.web.server - INFO - Starting bot...
2025-11-16 16:30:47,359 - src.web.server - INFO - Starting bot...
2025-11-16 16:30:47,394 - asyncio - ERROR - Unclosed client session
client_session: <aiohttp.client.ClientSession object at 0xffff7bffe710>
2025-11-16 16:30:47,405 - asyncio - ERROR - Unclosed connector
connections: ['[(<aiohttp.client_proto.ResponseHandler object at 0xffff7bf97b60>, 801.31)]']
connector: <aiohttp.connector.TCPConnector object at 0xffff7d2517d0>
2025-11-16 16:30:47,544 - src.web.server - INFO - Starting bot...
2025-11-16 16:30:47,619 - asyncio - ERROR - Unclosed client session
client_session: <aiohttp.client.ClientSession object at 0xffff7bffe750>
2025-11-16 16:30:47,622 - asyncio - ERROR - Unclosed connector
connections: ['[(<aiohttp.client_proto.ResponseHandler object at 0xffff7bf97b60>, 801.595)]']
connector: <aiohttp.connector.TCPConnector object at 0xffff7e1717d0>
2025-11-16 16:30:47,621 - asyncio - ERROR - Unclosed client session
client_session: <aiohttp.client.ClientSession object at 0xffff7bb7db50>
2025-11-16 16:30:47,627 - asyncio - ERROR - Unclosed connector
connections: ['[(<aiohttp.client_proto.ResponseHandler object at 0xffff7bf9bb60>, 801.58)]']
connector: <aiohttp.connector.TCPConnector object at 0xffff7bb7da10>
2025-11-16 16:30:47,872 - asyncio - ERROR - Unclosed client session
client_session: <aiohttp.client.ClientSession object at 0xffff7bfff290>
2025-11-16 16:30:47,879 - asyncio - ERROR - Unclosed connector
connections: ['[(<aiohttp.client_proto.ResponseHandler object at 0xffff7bf97b60>, 801.883)]']
connector: <aiohttp.connector.TCPConnector object at 0xffff7bf517d0>
2025-11-16 16:30:47,914 - src.web.server - INFO - Starting bot...
2025-11-16 16:30:47,923 - src.web.server - INFO - Starting bot...
2025-11-16 16:30:48,136 - src.web.server - INFO - Webhook set: https://0f328d59aa05.ngrok-free.app/tg/webhook
2025-11-16 16:30:48,210 - src.web.server - INFO - Starting bot...
2025-11-16 16:30:48,290 - asyncio - ERROR - Unclosed client session
client_session: <aiohttp.client.ClientSession object at 0xffff7bb7e190>
2025-11-16 16:30:48,294 - asyncio - ERROR - Unclosed connector
connections: ['[(<aiohttp.client_proto.ResponseHandler object at 0xffff7bf9bb60>, 802.295)]']
connector: <aiohttp.connector.TCPConnector object at 0xffff7bb7e010>
2025-11-16 16:30:48,335 - src.web.server - INFO - Starting bot...
2025-11-16 16:30:48,353 - src.web.server - INFO - Starting bot...
2025-11-16 16:30:48,559 - src.web.server - INFO - Starting bot...
2025-11-16 16:30:55,800 - src.web.server - INFO - Starting bot...
2025-11-16 16:30:57,066 - src.web.server - INFO - Webhook set: https://0f328d59aa05.ngrok-free.app/tg/webhook
2025-11-16 16:30:57,521 - src.web.server - INFO - Starting bot...
2025-11-16 16:30:58,766 - src.web.server - INFO - Webhook set: https://0f328d59aa05.ngrok-free.app/tg/webhook
2025-11-16 16:30:58,955 - src.web.server - INFO - Starting bot...
2025-11-16 16:30:59,838 - src.web.server - INFO - Webhook set: https://0f328d59aa05.ngrok-free.app/tg/webhook
2025-11-16 16:31:00,569 - src.web.server - INFO - Starting bot...
2025-11-16 16:31:00,974 - src.web.server - INFO - Starting bot...
2025-11-16 16:31:01,139 - src.web.server - INFO - Starting bot...
2025-11-16 16:31:01,246 - src.web.server - INFO - Starting bot...
2025-11-16 16:31:01,455 - src.web.server - INFO - Starting bot...
2025-11-16 16:31:01,473 - src.web.server - INFO - Starting bot...
2025-11-16 16:31:01,647 - src.web.server - INFO - Webhook set: https://0f328d59aa05.ngrok-free.app/tg/webhook
2025-11-16 16:31:01,649 - src.web.server - INFO - Starting bot...
2025-11-16 16:31:01,855 - asyncio - ERROR - Unclosed client session
client_session: <aiohttp.client.ClientSession object at 0xffff869416d0>
2025-11-16 16:31:01,855 - asyncio - ERROR - Unclosed connector
connections: ['[(<aiohttp.client_proto.ResponseHandler object at 0xffff868dbb60>, 815.877)]']
connector: <aiohttp.connector.TCPConnector object at 0xffff86db17d0>
2025-11-16 16:31:02,001 - asyncio - ERROR - Unclosed client session
client_session: <aiohttp.client.ClientSession object at 0xffff8694b090>
2025-11-16 16:31:02,002 - asyncio - ERROR - Unclosed connector
connections: ['[(<aiohttp.client_proto.ResponseHandler object at 0xffff868e3b60>, 815.942)]']
connector: <aiohttp.connector.TCPConnector object at 0xffff8694ae90>
2025-11-16 16:31:02,290 - src.web.server - INFO - Starting bot...
2025-11-16 16:31:02,378 - asyncio - ERROR - Unclosed client session
client_session: <aiohttp.client.ClientSession object at 0xffff8694c2d0>
2025-11-16 16:31:02,379 - asyncio - ERROR - Unclosed connector
connections: ['[(<aiohttp.client_proto.ResponseHandler object at 0xffff868dfb60>, 816.325)]']
connector: <aiohttp.connector.TCPConnector object at 0xffff8694c250>
2025-11-16 16:31:02,447 - src.web.server - INFO - Starting bot...
2025-11-16 16:31:02,490 - asyncio - ERROR - Unclosed client session
client_session: <aiohttp.client.ClientSession object at 0xffff86947610>
2025-11-16 16:31:02,504 - asyncio - ERROR - Unclosed connector
connections: ['[(<aiohttp.client_proto.ResponseHandler object at 0xffff868e3b60>, 816.429)]']
connector: <aiohttp.connector.TCPConnector object at 0xffff8689d890>
2025-11-16 16:31:02,668 - asyncio - ERROR - Unclosed client session
client_session: <aiohttp.client.ClientSession object at 0xffff8694c9d0>
2025-11-16 16:31:02,672 - asyncio - ERROR - Unclosed connector
connections: ['[(<aiohttp.client_proto.ResponseHandler object at 0xffff868dfb60>, 816.528)]']
connector: <aiohttp.connector.TCPConnector object at 0xffff86a14450>
2025-11-16 16:31:02,706 - src.web.server - INFO - Webhook set: https://0f328d59aa05.ngrok-free.app/tg/webhook
2025-11-16 16:31:02,849 - src.web.server - INFO - Starting bot...
2025-11-16 16:31:03,261 - src.web.server - INFO - Stopping bot...
2025-11-16 16:31:03,262 - src.web.server - INFO - Stopping bot...
2025-11-16 16:31:03,344 - src.web.server - INFO - Stopping bot...
2025-11-16 16:31:03,342 - src.web.server - INFO - Stopping bot...
2025-11-16 16:31:03,342 - src.web.server - INFO - Stopping bot...
2025-11-16 16:31:03,547 - asyncio - ERROR - Unclosed client session
client_session: <aiohttp.client.ClientSession object at 0xffff86942090>
2025-11-16 16:31:03,547 - asyncio - ERROR - Unclosed connector
connections: ['[(<aiohttp.client_proto.ResponseHandler object at 0xffff868dbb60>, 817.574)]']
connector: <aiohttp.connector.TCPConnector object at 0xffff86941f50>
2025-11-16 16:31:03,706 - src.web.server - INFO - Webhook set: https://0f328d59aa05.ngrok-free.app/tg/webhook
2025-11-16 16:31:03,956 - src.web.server - INFO - Bot stopped
2025-11-16 16:31:04,003 - src.web.server - INFO - Bot stopped
2025-11-16 16:31:04,021 - src.web.server - INFO - Bot stopped
2025-11-16 16:31:04,062 - src.web.server - INFO - Bot stopped
2025-11-16 16:31:04,045 - src.web.server - INFO - Bot stopped
2025-11-16 16:31:04,405 - asyncio - ERROR - Unclosed client session
client_session: <aiohttp.client.ClientSession object at 0xffff86947d50>
2025-11-16 16:31:04,411 - asyncio - ERROR - Unclosed connector
connections: ['[(<aiohttp.client_proto.ResponseHandler object at 0xffff868e3b60>, 818.228)]']
connector: <aiohttp.connector.TCPConnector object at 0xffff8a00a550>
2025-11-16 16:31:07,241 - asyncio - ERROR - Unclosed client session
client_session: <aiohttp.client.ClientSession object at 0xffff86947c90>
2025-11-16 16:31:07,256 - asyncio - ERROR - Unclosed connector
connections: ['[(<aiohttp.client_proto.ResponseHandler object at 0xffff868e3b60>, 817.735)]']
connector: <aiohttp.connector.TCPConnector object at 0xffff87b997d0>
2025-11-16 16:31:21,388 - src.web.server - INFO - Starting bot...
2025-11-16 16:31:23,841 - src.web.server - INFO - Webhook set: https://0f328d59aa05.ngrok-free.app/tg/webhook
2025-11-16 16:31:26,084 - src.web.server - INFO - Starting bot...
2025-11-16 16:31:27,034 - src.web.server - INFO - Starting bot...
2025-11-16 16:31:27,154 - src.web.server - INFO - Starting bot...
2025-11-16 16:31:27,336 - src.web.server - INFO - Starting bot...
2025-11-16 16:31:27,510 - src.web.server - INFO - Starting bot...
2025-11-16 16:31:27,586 - src.web.server - INFO - Starting bot...
2025-11-16 16:31:28,791 - asyncio - ERROR - Unclosed client session
client_session: <aiohttp.client.ClientSession object at 0xffffb49ab7d0>
2025-11-16 16:31:28,801 - asyncio - ERROR - Unclosed connector
connections: ['[(<aiohttp.client_proto.ResponseHandler object at 0xffffb4947b60>, 842.277)]']
connector: <aiohttp.connector.TCPConnector object at 0xffffb49ab650>
2025-11-16 16:31:29,105 - src.web.server - INFO - Webhook set: https://0f328d59aa05.ngrok-free.app/tg/webhook
2025-11-16 16:31:29,381 - asyncio - ERROR - Unclosed client session
client_session: <aiohttp.client.ClientSession object at 0xffffb452d850>
2025-11-16 16:31:29,407 - asyncio - ERROR - Unclosed connector
connections: ['[(<aiohttp.client_proto.ResponseHandler object at 0xffffb494bb60>, 843.068)]']
connector: <aiohttp.connector.TCPConnector object at 0xffffb452d710>
2025-11-16 16:31:29,406 - src.web.server - INFO - Webhook set: https://0f328d59aa05.ngrok-free.app/tg/webhook
2025-11-16 16:31:29,625 - asyncio - ERROR - Unclosed client session
client_session: <aiohttp.client.ClientSession object at 0xffffb49ab890>
2025-11-16 16:31:29,632 - asyncio - ERROR - Unclosed connector
connections: ['[(<aiohttp.client_proto.ResponseHandler object at 0xffffb4947b60>, 843.379)]']
connector: <aiohttp.connector.TCPConnector object at 0xffffb49ab710>
2025-11-16 16:31:30,273 - asyncio - ERROR - Unclosed client session
client_session: <aiohttp.client.ClientSession object at 0xffffb49abf90>
2025-11-16 16:31:30,299 - asyncio - ERROR - Unclosed connector
connections: ['[(<aiohttp.client_proto.ResponseHandler object at 0xffffb4947b60>, 844.066)]']
connector: <aiohttp.connector.TCPConnector object at 0xffffb6d552d0>
2025-11-16 16:31:31,397 - src.web.server - INFO - Starting bot...
2025-11-16 16:31:31,582 - src.web.server - INFO - Starting bot...
2025-11-16 16:31:32,146 - src.web.server - INFO - Starting bot...
2025-11-16 16:31:33,107 - src.web.server - INFO - Starting bot...
2025-11-16 16:31:33,250 - src.web.server - INFO - Webhook set: https://0f328d59aa05.ngrok-free.app/tg/webhook
2025-11-16 16:31:33,379 - src.web.server - INFO - Starting bot...
2025-11-16 16:31:33,814 - src.web.server - INFO - Starting bot...
2025-11-16 16:31:33,890 - src.web.server - INFO - Starting bot...
2025-11-16 16:31:33,971 - asyncio - ERROR - Unclosed client session
client_session: <aiohttp.client.ClientSession object at 0xffffb49ae950>
2025-11-16 16:31:33,973 - asyncio - ERROR - Unclosed connector
connections: ['[(<aiohttp.client_proto.ResponseHandler object at 0xffffb4947b60>, 847.869)]']
connector: <aiohttp.connector.TCPConnector object at 0xffffb764d390>
2025-11-16 16:31:34,103 - asyncio - ERROR - Unclosed client session
client_session: <aiohttp.client.ClientSession object at 0xffffb49aeed0>
2025-11-16 16:31:34,109 - asyncio - ERROR - Unclosed connector
connections: ['[(<aiohttp.client_proto.ResponseHandler object at 0xffffb4947b60>, 848.029)]']
connector: <aiohttp.connector.TCPConnector object at 0xffffb49aed50>
2025-11-16 16:31:34,177 - src.web.server - INFO - Webhook set: https://0f328d59aa05.ngrok-free.app/tg/webhook
2025-11-16 16:31:34,310 - src.web.server - INFO - Stopping bot...
2025-11-16 16:31:34,315 - src.web.server - INFO - Stopping bot...
2025-11-16 16:31:34,327 - src.web.server - INFO - Stopping bot...
2025-11-16 16:31:51,747 - src.web.server - INFO - Starting bot...
2025-11-16 16:31:52,749 - src.web.server - INFO - Starting bot...
2025-11-16 16:31:52,981 - src.web.server - INFO - Webhook set: https://0f328d59aa05.ngrok-free.app/tg/webhook
2025-11-16 16:31:53,619 - src.web.server - INFO - Starting bot...
2025-11-16 16:31:53,741 - src.web.server - INFO - Starting bot...
2025-11-16 16:31:53,774 - src.web.server - INFO - Starting bot...
2025-11-16 16:31:54,135 - src.web.server - INFO - Starting bot...
2025-11-16 16:31:54,474 - src.web.server - INFO - Starting bot...
2025-11-16 16:31:54,558 - src.web.server - INFO - Webhook set: https://0f328d59aa05.ngrok-free.app/tg/webhook
2025-11-16 16:31:54,622 - src.web.server - INFO - Starting bot...
2025-11-16 16:31:54,642 - src.web.server - INFO - Starting bot...
2025-11-16 16:31:54,785 - src.web.server - INFO - Starting bot...
2025-11-16 16:31:54,936 - asyncio - ERROR - Unclosed client session
client_session: <aiohttp.client.ClientSession object at 0xffff9af7dc10>
2025-11-16 16:31:54,939 - asyncio - ERROR - Unclosed connector
connections: ['[(<aiohttp.client_proto.ResponseHandler object at 0xffff9b39bb60>, 868.904)]']
connector: <aiohttp.connector.TCPConnector object at 0xffff9af7da90>
2025-11-16 16:31:54,980 - asyncio - ERROR - Unclosed client session
client_session: <aiohttp.client.ClientSession object at 0xffff9af7d610>
2025-11-16 16:31:54,987 - asyncio - ERROR - Unclosed connector
connections: ['[(<aiohttp.client_proto.ResponseHandler object at 0xffff9b397b60>, 868.907)]']
connector: <aiohttp.connector.TCPConnector object at 0xffff9af7d4d0>
2025-11-16 16:31:55,015 - src.web.server - INFO - Starting bot...
2025-11-16 16:31:55,015 - src.web.server - INFO - Starting bot...
2025-11-16 16:31:55,039 - asyncio - ERROR - Unclosed client session
client_session: <aiohttp.client.ClientSession object at 0xffff9b3ff0d0>
2025-11-16 16:31:55,046 - asyncio - ERROR - Unclosed connector
connections: ['[(<aiohttp.client_proto.ResponseHandler object at 0xffff9b397b60>, 868.94)]']
connector: <aiohttp.connector.TCPConnector object at 0xffff9ba30250>
2025-11-16 16:31:55,278 - asyncio - ERROR - Unclosed client session
client_session: <aiohttp.client.ClientSession object at 0xffff9af7dad0>
2025-11-16 16:31:55,287 - asyncio - ERROR - Unclosed connector
connections: ['[(<aiohttp.client_proto.ResponseHandler object at 0xffff9b39bb60>, 869.003)]']
connector: <aiohttp.connector.TCPConnector object at 0xffff9c6517d0>
2025-11-16 16:31:56,123 - src.web.server - INFO - Webhook set: https://0f328d59aa05.ngrok-free.app/tg/webhook
2025-11-16 16:31:56,258 - asyncio - ERROR - Unclosed client session
client_session: <aiohttp.client.ClientSession object at 0xffff9af7dfd0>
2025-11-16 16:31:56,273 - asyncio - ERROR - Unclosed connector
connections: ['[(<aiohttp.client_proto.ResponseHandler object at 0xffff9b39bb60>, 870.106)]']
connector: <aiohttp.connector.TCPConnector object at 0xffff9af7de10>
2025-11-16 16:31:56,273 - asyncio - ERROR - Unclosed client session
client_session: <aiohttp.client.ClientSession object at 0xffff9b3fe890>
2025-11-16 16:31:56,278 - asyncio - ERROR - Unclosed connector
connections: ['[(<aiohttp.client_proto.ResponseHandler object at 0xffff9b397b60>, 870.119)]']
connector: <aiohttp.connector.TCPConnector object at 0xffff9b3fe810>
2025-11-16 16:31:56,343 - asyncio - ERROR - Unclosed client session
client_session: <aiohttp.client.ClientSession object at 0xffff9af7c710>
2025-11-16 16:31:56,367 - asyncio - ERROR - Unclosed connector
connections: ['[(<aiohttp.client_proto.ResponseHandler object at 0xffff9b393b60>, 870.17)]']
connector: <aiohttp.connector.TCPConnector object at 0xffff9af7c610>
2025-11-16 16:31:56,391 - src.web.server - INFO - Starting bot...
2025-11-16 16:31:56,811 - asyncio - ERROR - Unclosed client session
client_session: <aiohttp.client.ClientSession object at 0xffff9b3526d0>
2025-11-16 16:31:56,816 - asyncio - ERROR - Unclosed client session
client_session: <aiohttp.client.ClientSession object at 0xffff9b3fbad0>
2025-11-16 16:31:56,844 - asyncio - ERROR - Unclosed connector
connections: ['[(<aiohttp.client_proto.ResponseHandler object at 0xffff9b397b60>, 870.43)]']
connector: <aiohttp.connector.TCPConnector object at 0xffff9b3fb910>
2025-11-16 16:31:56,846 - asyncio - ERROR - Unclosed connector
connections: ['[(<aiohttp.client_proto.ResponseHandler object at 0xffff9b397b60>, 870.43)]']
connector: <aiohttp.connector.TCPConnector object at 0xffff9b3fb8d0>
2025-11-16 16:31:57,439 - src.web.server - INFO - Starting bot...
2025-11-16 16:31:58,379 - src.web.server - INFO - Webhook set: https://0f328d59aa05.ngrok-free.app/tg/webhook
2025-11-16 16:31:59,004 - src.web.server - INFO - Starting bot...
2025-11-16 16:31:59,081 - src.web.server - INFO - Starting bot...
2025-11-16 16:31:59,377 - src.web.server - INFO - Webhook set: https://0f328d59aa05.ngrok-free.app/tg/webhook
2025-11-16 16:32:00,390 - asyncio - ERROR - Unclosed client session
client_session: <aiohttp.client.ClientSession object at 0xffff9b3fbd10>
2025-11-16 16:32:00,407 - asyncio - ERROR - Unclosed connector
connections: ['[(<aiohttp.client_proto.ResponseHandler object at 0xffff9b397b60>, 873.925)]']
connector: <aiohttp.connector.TCPConnector object at 0xffff9b3fbb90>
2025-11-16 16:32:00,520 - src.web.server - INFO - Starting bot...
2025-11-16 16:32:00,872 - src.web.server - INFO - Stopping bot...
2025-11-16 16:32:00,982 - src.web.server - INFO - Stopping bot...
2025-11-16 16:32:01,009 - asyncio - ERROR - Unclosed client session
client_session: <aiohttp.client.ClientSession object at 0xffff9b3fee10>
2025-11-16 16:32:01,015 - asyncio - ERROR - Unclosed connector
connections: ['[(<aiohttp.client_proto.ResponseHandler object at 0xffff9b397b60>, 874.527)]']
connector: <aiohttp.connector.TCPConnector object at 0xffff9b3fec90>
2025-11-16 16:32:01,018 - src.web.server - INFO - Stopping bot...
2025-11-16 16:32:01,018 - src.web.server - INFO - Stopping bot...
2025-11-16 16:32:01,043 - src.web.server - INFO - Stopping bot...
2025-11-16 16:32:11,760 - src.web.server - INFO - Starting bot...
2025-11-16 16:32:11,767 - src.web.server - INFO - Starting bot...
2025-11-16 16:32:13,387 - src.web.server - INFO - Starting bot...
2025-11-16 16:32:13,446 - src.web.server - INFO - Webhook set: https://0f328d59aa05.ngrok-free.app/tg/webhook
2025-11-16 16:32:13,543 - asyncio - ERROR - Unclosed client session
client_session: <aiohttp.client.ClientSession object at 0xffff960a9d90>
2025-11-16 16:32:13,547 - asyncio - ERROR - Unclosed connector
connections: ['[(<aiohttp.client_proto.ResponseHandler object at 0xffff96043b60>, 887.449)]']
connector: <aiohttp.connector.TCPConnector object at 0xffff960a9b90>
2025-11-16 16:32:14,119 - src.web.server - INFO - Starting bot...
2025-11-16 16:32:14,606 - src.web.server - INFO - Starting bot...
2025-11-16 16:32:14,956 - src.web.server - INFO - Webhook set: https://0f328d59aa05.ngrok-free.app/tg/webhook
2025-11-16 16:32:15,731 - asyncio - ERROR - Unclosed client session
client_session: <aiohttp.client.ClientSession object at 0xffff960ac050>
2025-11-16 16:32:15,736 - asyncio - ERROR - Unclosed connector
connections: ['[(<aiohttp.client_proto.ResponseHandler object at 0xffff96043b60>, 889.644)]']
connector: <aiohttp.connector.TCPConnector object at 0xffff960a7f10>
2025-11-16 16:32:15,735 - asyncio - ERROR - Unclosed client session
client_session: <aiohttp.client.ClientSession object at 0xffff960aa490>
2025-11-16 16:32:15,739 - asyncio - ERROR - Unclosed connector
connections: ['[(<aiohttp.client_proto.ResponseHandler object at 0xffff96043b60>, 889.632)]']
connector: <aiohttp.connector.TCPConnector object at 0xffff966cb2d0>
2025-11-16 16:32:16,650 - src.web.server - INFO - Starting bot...
2025-11-16 16:32:17,127 - src.web.server - INFO - Starting bot...
2025-11-16 16:32:17,293 - src.web.server - INFO - Stopping bot...
2025-11-16 16:32:17,351 - src.web.server - INFO - Stopping bot...
2025-11-16 16:32:17,869 - src.web.server - INFO - Bot stopped
2025-11-16 16:32:18,072 - src.web.server - INFO - Bot stopped
2025-11-16 16:32:18,304 - src.web.server - INFO - Webhook set: https://0f328d59aa05.ngrok-free.app/tg/webhook
2025-11-16 16:32:18,423 - asyncio - ERROR - Unclosed client session
client_session: <aiohttp.client.ClientSession object at 0xffff960ac150>
2025-11-16 16:32:18,424 - asyncio - ERROR - Unclosed connector
connections: ['[(<aiohttp.client_proto.ResponseHandler object at 0xffff96043b60>, 892.437)]']
connector: <aiohttp.connector.TCPConnector object at 0xffff960a7f90>
2025-11-16 16:32:18,623 - asyncio - ERROR - Unclosed client session
client_session: <aiohttp.client.ClientSession object at 0xffff960aab10>
2025-11-16 16:32:18,626 - asyncio - ERROR - Unclosed connector
connections: ['[(<aiohttp.client_proto.ResponseHandler object at 0xffff96043b60>, 892.34)]']
connector: <aiohttp.connector.TCPConnector object at 0xffff960aa950>
2025-11-16 16:32:29,890 - src.web.server - INFO - Starting bot...
2025-11-16 16:32:29,914 - src.web.server - INFO - Starting bot...
2025-11-16 16:32:30,237 - src.web.server - INFO - Starting bot...
2025-11-16 16:32:31,303 - src.web.server - INFO - Webhook set: https://0f328d59aa05.ngrok-free.app/tg/webhook
2025-11-16 16:32:31,393 - asyncio - ERROR - Unclosed client session
client_session: <aiohttp.client.ClientSession object at 0xffffabd2dad0>
2025-11-16 16:32:31,395 - asyncio - ERROR - Unclosed connector
connections: ['[(<aiohttp.client_proto.ResponseHandler object at 0xffffac14bb60>, 905.208)]']
connector: <aiohttp.connector.TCPConnector object at 0xffffac624450>
2025-11-16 16:32:31,721 - src.web.server - INFO - Stopping bot...
2025-11-16 16:32:31,722 - asyncio - ERROR - Unclosed client session
client_session: <aiohttp.client.ClientSession object at 0xffffabd2d890>
2025-11-16 16:32:31,725 - asyncio - ERROR - Unclosed connector
connections: ['[(<aiohttp.client_proto.ResponseHandler object at 0xffffac14bb60>, 905.679)]']
connector: <aiohttp.connector.TCPConnector object at 0xffffabd2d690>
2025-11-16 16:33:29,680 - src.web.server - INFO - Starting bot...
2025-11-16 16:33:29,684 - src.web.server - INFO - Starting bot...
2025-11-16 16:33:30,660 - src.web.server - INFO - Webhook set: https://0f328d59aa05.ngrok-free.app/tg/webhook
2025-11-16 16:33:30,670 - asyncio - ERROR - Unclosed client session
client_session: <aiohttp.client.ClientSession object at 0xffff81c3a3d0>
2025-11-16 16:33:30,671 - asyncio - ERROR - Unclosed connector
connections: ['[(<aiohttp.client_proto.ResponseHandler object at 0xffff81c14bb0>, 964.697)]']
connector: <aiohttp.connector.TCPConnector object at 0xffff826b7c50>
2025-11-16 16:33:31,074 - src.web.server - INFO - Stopping bot...
2025-11-16 16:33:34,122 - src.web.server - INFO - Starting bot...
2025-11-16 16:33:34,169 - src.web.server - INFO - Starting bot...
2025-11-16 16:33:35,878 - src.web.server - INFO - Webhook set: https://0f328d59aa05.ngrok-free.app/tg/webhook
2025-11-16 16:33:36,056 - asyncio - ERROR - Unclosed client session
client_session: <aiohttp.client.ClientSession object at 0xffff941cda10>
2025-11-16 16:33:36,056 - asyncio - ERROR - Unclosed connector
connections: ['[(<aiohttp.client_proto.ResponseHandler object at 0xffff945eb230>, 970.084)]']
connector: <aiohttp.connector.TCPConnector object at 0xffff94cbaf90>
2025-11-16 16:33:36,496 - src.web.server - INFO - Stopping bot...
2025-11-16 16:33:39,528 - src.web.server - INFO - Starting bot...
2025-11-16 16:33:39,581 - src.web.server - INFO - Starting bot...
2025-11-16 16:33:41,156 - asyncio - ERROR - Unclosed client session
client_session: <aiohttp.client.ClientSession object at 0xffff7dfcd990>
2025-11-16 16:33:41,300 - src.web.server - INFO - Webhook set: https://0f328d59aa05.ngrok-free.app/tg/webhook
2025-11-16 16:33:41,512 - src.web.server - INFO - Stopping bot...
2025-11-16 16:33:44,906 - src.web.server - INFO - Starting bot...
2025-11-16 16:33:44,907 - src.web.server - INFO - Starting bot...
2025-11-16 16:33:46,125 - src.web.server - INFO - Webhook set: https://0f328d59aa05.ngrok-free.app/tg/webhook
2025-11-16 16:33:46,134 - asyncio - ERROR - Unclosed client session
client_session: <aiohttp.client.ClientSession object at 0xffff92df1c90>
2025-11-16 16:33:46,135 - asyncio - ERROR - Unclosed connector
connections: ['[(<aiohttp.client_proto.ResponseHandler object at 0xffff9320f230>, 980.158)]']
connector: <aiohttp.connector.TCPConnector object at 0xffff92df1b10>
2025-11-16 16:33:46,535 - src.web.server - INFO - Stopping bot...
2025-11-16 16:35:08,378 - src.web.server - INFO - Starting bot...
2025-11-16 16:35:08,378 - src.web.server - INFO - Starting bot...
2025-11-16 16:35:09,156 - src.web.server - INFO - Webhook set: https://0f328d59aa05.ngrok-free.app/tg/webhook
2025-11-16 16:35:09,458 - asyncio - ERROR - Unclosed client session
client_session: <aiohttp.client.ClientSession object at 0xffff8d55a450>
2025-11-16 16:35:09,458 - asyncio - ERROR - Unclosed connector
connections: ['[(<aiohttp.client_proto.ResponseHandler object at 0xffff8d534bb0>, 1063.48)]']
connector: <aiohttp.connector.TCPConnector object at 0xffff8d55a310>
2025-11-16 16:35:09,890 - src.web.server - INFO - Stopping bot...
2025-11-16 16:35:12,678 - src.web.server - INFO - Starting bot...
2025-11-16 16:35:12,685 - src.web.server - INFO - Starting bot...
2025-11-16 16:35:13,732 - src.web.server - INFO - Webhook set: https://0f328d59aa05.ngrok-free.app/tg/webhook
2025-11-16 16:35:13,738 - asyncio - ERROR - Unclosed client session
client_session: <aiohttp.client.ClientSession object at 0xffff8c6997d0>
2025-11-16 16:35:13,738 - asyncio - ERROR - Unclosed connector
connections: ['[(<aiohttp.client_proto.ResponseHandler object at 0xffff8cab7230>, 1067.745)]']
connector: <aiohttp.connector.TCPConnector object at 0xffff8ca997d0>
2025-11-16 16:35:14,864 - src.web.server - INFO - Stopping bot...
2025-11-16 16:35:18,190 - src.web.server - INFO - Starting bot...
2025-11-16 16:35:18,191 - src.web.server - INFO - Starting bot...
2025-11-16 16:35:19,190 - src.web.server - INFO - Webhook set: https://0f328d59aa05.ngrok-free.app/tg/webhook
2025-11-16 16:35:19,370 - asyncio - ERROR - Unclosed client session
client_session: <aiohttp.client.ClientSession object at 0xffff78e31810>
2025-11-16 16:35:19,370 - asyncio - ERROR - Unclosed connector
connections: ['[(<aiohttp.client_proto.ResponseHandler object at 0xffff7924f230>, 1073.401)]']
connector: <aiohttp.connector.TCPConnector object at 0xffff78e31610>
2025-11-16 16:35:19,913 - src.web.server - INFO - Stopping bot...
2025-11-16 16:35:23,327 - src.web.server - INFO - Starting bot...
2025-11-16 16:35:23,352 - src.web.server - INFO - Starting bot...
2025-11-16 16:35:24,465 - asyncio - ERROR - Unclosed client session
client_session: <aiohttp.client.ClientSession object at 0xffff93a99910>
2025-11-16 16:35:24,465 - asyncio - ERROR - Unclosed connector
connections: ['[(<aiohttp.client_proto.ResponseHandler object at 0xffff93eb7230>, 1078.495)]']
connector: <aiohttp.connector.TCPConnector object at 0xffff9452f610>
2025-11-16 16:35:24,732 - src.web.server - INFO - Webhook set: https://0f328d59aa05.ngrok-free.app/tg/webhook
2025-11-16 16:35:24,943 - src.web.server - INFO - Stopping bot...
2025-11-16 16:35:29,238 - src.web.server - INFO - Starting bot...
2025-11-16 16:35:29,285 - src.web.server - INFO - Starting bot...
2025-11-16 16:35:29,974 - src.web.server - INFO - Webhook set: https://0f328d59aa05.ngrok-free.app/tg/webhook
2025-11-16 16:35:30,501 - asyncio - ERROR - Unclosed client session
client_session: <aiohttp.client.ClientSession object at 0xffff800d5850>
2025-11-16 16:35:30,501 - asyncio - ERROR - Unclosed connector
connections: ['[(<aiohttp.client_proto.ResponseHandler object at 0xffff804f3230>, 1084.51)]']
connector: <aiohttp.connector.TCPConnector object at 0xffff80bcf650>
2025-11-16 16:35:31,014 - src.web.server - INFO - Stopping bot...
2025-11-16 16:35:36,849 - src.web.server - INFO - Starting bot...
2025-11-16 16:35:37,059 - src.web.server - INFO - Starting bot...
2025-11-16 16:35:37,749 - src.web.server - INFO - Webhook set: https://0f328d59aa05.ngrok-free.app/tg/webhook
2025-11-16 16:35:37,857 - asyncio - ERROR - Unclosed client session
client_session: <aiohttp.client.ClientSession object at 0xffffa0031490>
2025-11-16 16:35:37,857 - asyncio - ERROR - Unclosed connector
connections: ['[(<aiohttp.client_proto.ResponseHandler object at 0xffffa044f230>, 1091.852)]']
connector: <aiohttp.connector.TCPConnector object at 0xffffa0645ed0>
2025-11-16 16:35:38,601 - src.web.server - INFO - Stopping bot...
2025-11-16 16:35:46,937 - src.web.server - INFO - Starting bot...
2025-11-16 16:35:46,937 - src.web.server - INFO - Starting bot...
2025-11-16 16:35:47,705 - src.web.server - INFO - Webhook set: https://0f328d59aa05.ngrok-free.app/tg/webhook
2025-11-16 16:35:47,951 - asyncio - ERROR - Unclosed client session
client_session: <aiohttp.client.ClientSession object at 0xffff98bf1690>
2025-11-16 16:35:47,952 - asyncio - ERROR - Unclosed connector
connections: ['[(<aiohttp.client_proto.ResponseHandler object at 0xffff9900f230>, 1101.964)]']
connector: <aiohttp.connector.TCPConnector object at 0xffff98bf1550>
2025-11-16 16:35:48,437 - src.web.server - INFO - Stopping bot...
2025-11-16 16:35:58,810 - src.web.server - INFO - Starting bot...
2025-11-16 16:35:58,811 - src.web.server - INFO - Starting bot...
2025-11-16 16:35:59,477 - src.web.server - INFO - Webhook set: https://0f328d59aa05.ngrok-free.app/tg/webhook
2025-11-16 16:35:59,741 - asyncio - ERROR - Unclosed client session
client_session: <aiohttp.client.ClientSession object at 0xffffa04f1890>
2025-11-16 16:35:59,741 - asyncio - ERROR - Unclosed connector
connections: ['[(<aiohttp.client_proto.ResponseHandler object at 0xffffa090f230>, 1113.768)]']
connector: <aiohttp.connector.TCPConnector object at 0xffffa04cdb10>
2025-11-16 16:36:00,619 - src.web.server - INFO - Stopping bot...
2025-11-16 16:36:17,048 - src.web.server - INFO - Starting bot...
2025-11-16 16:36:17,131 - src.web.server - INFO - Starting bot...
2025-11-16 16:36:17,940 - src.web.server - INFO - Webhook set: https://0f328d59aa05.ngrok-free.app/tg/webhook
2025-11-16 16:36:18,283 - asyncio - ERROR - Unclosed client session
client_session: <aiohttp.client.ClientSession object at 0xffffb7d519d0>
2025-11-16 16:36:18,283 - asyncio - ERROR - Unclosed connector
connections: ['[(<aiohttp.client_proto.ResponseHandler object at 0xffffb816f230>, 1132.309)]']
connector: <aiohttp.connector.TCPConnector object at 0xffffb81517d0>
2025-11-16 16:36:18,667 - src.web.server - INFO - Stopping bot...
2025-11-16 16:36:47,336 - src.web.server - INFO - Starting bot...
2025-11-16 16:36:47,337 - src.web.server - INFO - Starting bot...
2025-11-16 16:36:48,194 - src.web.server - INFO - Webhook set: https://0f328d59aa05.ngrok-free.app/tg/webhook
2025-11-16 16:36:48,204 - asyncio - ERROR - Unclosed client session
client_session: <aiohttp.client.ClientSession object at 0xffffae391450>
2025-11-16 16:36:48,204 - asyncio - ERROR - Unclosed connector
connections: ['[(<aiohttp.client_proto.ResponseHandler object at 0xffffae7af230>, 1162.206)]']
connector: <aiohttp.connector.TCPConnector object at 0xffffae391210>
2025-11-16 16:36:48,725 - src.web.server - INFO - Stopping bot...
2025-11-16 16:37:44,506 - src.web.server - INFO - Starting bot...
2025-11-16 16:37:44,507 - src.web.server - INFO - Starting bot...
2025-11-16 16:37:45,174 - src.web.server - INFO - Webhook set: https://0f328d59aa05.ngrok-free.app/tg/webhook
2025-11-16 16:37:45,428 - asyncio - ERROR - Unclosed client session
client_session: <aiohttp.client.ClientSession object at 0xffffae791550>
2025-11-16 16:37:45,428 - asyncio - ERROR - Unclosed connector
connections: ['[(<aiohttp.client_proto.ResponseHandler object at 0xffffaebaf230>, 1218.853)]']
connector: <aiohttp.connector.TCPConnector object at 0xffffaeda5ed0>
2025-11-16 16:37:46,112 - src.web.server - INFO - Stopping bot...
